{
  "stats": {
    "suites": 1,
    "tests": 1,
    "passes": 1,
    "pending": 0,
    "failures": 0,
    "start": "2023-12-05T03:38:52.132Z",
    "end": "2023-12-05T03:39:14.540Z",
    "duration": 22408,
    "testsRegistered": 1,
    "passPercent": 100,
    "pendingPercent": 0,
    "other": 0,
    "hasOther": false,
    "skipped": 0,
    "hasSkipped": false
  },
  "results": [
    {
      "uuid": "0bf8bf03-423b-44d7-a2a8-fc45c2fd2656",
      "title": "",
      "fullFile": "cypress\\e2e\\statusPengiriman.cy.js",
      "file": "cypress\\e2e\\statusPengiriman.cy.js",
      "beforeHooks": [],
      "afterHooks": [],
      "tests": [],
      "suites": [
        {
          "uuid": "85773fe0-68eb-424b-be4d-a25657a49778",
          "title": "Status Pengiriman By No Referensi",
          "fullFile": "",
          "file": "",
          "beforeHooks": [],
          "afterHooks": [],
          "tests": [
            {
              "title": "Cek Status by No referensi - Diterima",
              "fullTitle": "Status Pengiriman By No Referensi Cek Status by No referensi - Diterima",
              "timedOut": null,
              "duration": 17234,
              "state": "passed",
              "speed": "slow",
              "pass": true,
              "fail": false,
              "pending": false,
              "context": null,
              "code": "cy.get('.ant-select-selection').click();\ncy.get('.ant-select-dropdown-menu > :nth-child(3)').click();\ncy.get('.ant-input').type('REF666');",
              "err": {},
              "uuid": "132432ba-9b05-4715-8bbe-cfd9a6f98fce",
              "parentUUID": "85773fe0-68eb-424b-be4d-a25657a49778",
              "isHook": false,
              "skipped": false
            }
          ],
          "suites": [],
          "passes": [
            "132432ba-9b05-4715-8bbe-cfd9a6f98fce"
          ],
          "failures": [],
          "pending": [],
          "skipped": [],
          "duration": 17234,
          "root": false,
          "rootEmpty": false,
          "_timeout": 2000
        }
      ],
      "passes": [],
      "failures": [],
      "pending": [],
      "skipped": [],
      "duration": 0,
      "root": true,
      "rootEmpty": true,
      "_timeout": 2000
    }
  ],
  "meta": {
    "mocha": {
      "version": "7.0.1"
    },
    "mochawesome": {
      "options": {
        "quiet": false,
        "reportFilename": "mochawesome",
        "saveHtml": true,
        "saveJson": true,
        "consoleReporter": "spec",
        "useInlineDiffs": false,
        "code": true
      },
      "version": "7.1.3"
    },
    "marge": {
      "options": null,
      "version": "6.2.0"
    }
  }
}