{
  "stats": {
    "suites": 0,
    "tests": 1,
    "passes": 1,
    "pending": 0,
    "failures": 0,
    "start": "2023-08-25T03:55:19.361Z",
    "end": "2023-08-25T03:56:22.750Z",
    "duration": 63389,
    "testsRegistered": 1,
    "passPercent": 100,
    "pendingPercent": 0,
    "other": 0,
    "hasOther": false,
    "skipped": 0,
    "hasSkipped": false
  },
  "results": [
    {
      "uuid": "ea1d5c2b-7e41-40ff-8522-93eaeb9b2edd",
      "title": "",
      "fullFile": "cypress\\e2e\\Uploadfile.cy.js",
      "file": "cypress\\e2e\\Uploadfile.cy.js",
      "beforeHooks": [],
      "afterHooks": [],
      "tests": [
        {
          "title": "Unggah Data ",
          "fullTitle": "Unggah Data ",
          "timedOut": null,
          "duration": 56503,
          "state": "passed",
          "speed": "slow",
          "pass": true,
          "fail": false,
          "pending": false,
          "context": null,
          "code": "// Select 'B N I' from dropdown\ncy.get('.ant-tabs-tab-active').click();\n// Click Pelanggan\ncy.get(':nth-child(1) > [style=\"margin-right: 20px; margin-left: 20px;\"] > :nth-child(2) > .ant-col > .ant-form-item-control > .ant-form-item-children > .ant-select > .ant-select-selection').click();\n// Pilih BNI\ncy.get('.ant-select-dropdown-menu > :nth-child(3)').click();\n/// Click Jenis dokumen\ncy.get(':nth-child(4) > .ant-col > .ant-form-item-control > .ant-form-item-children > .ant-select > .ant-select-selection').click();\n// Pilih Kartu\ncy.contains('.ant-select-dropdown-menu-item-active', 'Kartu').click();\n// Click produk\ncy.get(':nth-child(6) > .ant-col > .ant-form-item-control > .ant-form-item-children > .ant-select > .ant-select-selection').click();\n// Pilih produk\ncy.contains('.ant-select-dropdown-menu-item.ant-select-dropdown-menu-item-active', 'Kartu Bni').click();\n// Click template unggah \ncy.get(':nth-child(2) > [style=\"margin-right: 20px; margin-left: 20px;\"] > :nth-child(2) > .ant-col > .ant-form-item-control > .ant-form-item-children > .ant-select > .ant-select-selection').click();\n// Pilih template  \ncy.contains('Format CSV BNI (.csv)').click();\n// Click Unggah file\n// Unggah file\ncy.get('.ant-input-affix-wrapper > .ant-input').attachFile('_B N I Format CSV BNI DEV 1.csv');\n// Click 'Tanggal Kirim'\ncy.get('[style=\"margin-top: 30px;\"] > .ant-row > .ant-col > .ant-form-item-control > .ant-form-item-children > .ant-calendar-picker > div > .ant-calendar-picker-input').click();\n// Pilih tanggal \"Hari ini\"\ncy.get('.ant-calendar-today-btn').click();\n// Click 'Tanggal Upload'\ncy.get(':nth-child(6) > .ant-row > .ant-col > .ant-form-item-control > .ant-form-item-children > .ant-calendar-picker > div > .ant-calendar-picker-input').click();\n// Pilih tanggal \"Hari ini\"\ncy.get('.ant-calendar-today-btn').click();\n// Click button 'Lanjut'\ncy.get('[style=\"float: right;\"] > .ant-btn').click();\ncy.wait(4000);\ncy.get('[style=\"margin-top: 20px; float: right; padding-right: 20px;\"] > .ant-btn').click();",
          "err": {},
          "uuid": "c117350e-a403-4136-99ae-640f62af6db3",
          "parentUUID": "ea1d5c2b-7e41-40ff-8522-93eaeb9b2edd",
          "isHook": false,
          "skipped": false
        }
      ],
      "suites": [],
      "passes": [
        "c117350e-a403-4136-99ae-640f62af6db3"
      ],
      "failures": [],
      "pending": [],
      "skipped": [],
      "duration": 56503,
      "root": true,
      "rootEmpty": false,
      "_timeout": 2000
    }
  ],
  "meta": {
    "mocha": {
      "version": "7.0.1"
    },
    "mochawesome": {
      "options": {
        "quiet": false,
        "reportFilename": "mochawesome",
        "saveHtml": true,
        "saveJson": true,
        "consoleReporter": "spec",
        "useInlineDiffs": false,
        "code": true
      },
      "version": "7.1.3"
    },
    "marge": {
      "options": null,
      "version": "6.2.0"
    }
  }
}